<?xml version="1.0" encoding="UTF-8"?>
<testng-results skipped="0" failed="0" ignored="0" total="1" passed="1">
  <reporter-output>
  </reporter-output>
  <suite name="Suite" duration-ms="295135" started-at="2020-07-04T01:17:57 IST" finished-at="2020-07-04T01:22:52 IST">
    <groups>
    </groups>
    <test name="Test" duration-ms="295135" started-at="2020-07-04T01:17:57 IST" finished-at="2020-07-04T01:22:52 IST">
      <class name="reports.ReportToSharePoint">
        <test-method status="PASS" signature="beforeTest()[pri:0, instance:reports.ReportToSharePoint@76329302]" name="beforeTest" is-config="true" duration-ms="27536" started-at="2020-07-04T01:17:57 IST" finished-at="2020-07-04T01:18:24 IST">
          <reporter-output>
          </reporter-output>
        </test-method> <!-- beforeTest -->
        <test-method status="PASS" signature="SharePointUpload()[pri:0, instance:reports.ReportToSharePoint@76329302]" name="SharePointUpload" duration-ms="267453" started-at="2020-07-04T01:18:24 IST" finished-at="2020-07-04T01:22:52 IST">
          <reporter-output>
          </reporter-output>
        </test-method> <!-- SharePointUpload -->
        <test-method status="PASS" signature="afterTest()[pri:0, instance:reports.ReportToSharePoint@76329302]" name="afterTest" is-config="true" duration-ms="1" started-at="2020-07-04T01:22:52 IST" finished-at="2020-07-04T01:22:52 IST">
          <reporter-output>
          </reporter-output>
        </test-method> <!-- afterTest -->
      </class> <!-- reports.ReportToSharePoint -->
    </test> <!-- Test -->
  </suite> <!-- Suite -->
</testng-results>
